<?xml version="1.0" encoding="utf-8"?><testsuites name="pytest tests"><testsuite name="pytest" errors="0" failures="0" skipped="0" tests="2" time="0.043" timestamp="2026-07-12T22:33:09.090388+00:00" hostname="jupyter-infwve579"><testcase classname="output.calculator-app.20260712-214523.test.test_us-001" name="test_calculator_interface" time="0.004" /><testcase classname="output.calculator-app.20260712-214523.test.test_us-002" name="test_submit_form_renders_result_with_inputs" time="0.001" /></testsuite></testsuites>