<?xml version="1.0" encoding="utf-8"?><testsuites name="pytest tests"><testsuite name="pytest" errors="0" failures="0" skipped="0" tests="2" time="0.030" timestamp="2026-07-12T19:45:16.877501+00:00" hostname="jupyter-infwve579"><testcase classname="output.to-do-app.20260712-192017.test.test_us-001" name="test_ui_elements_and_valid_task_addition" time="0.005" /><testcase classname="output.to-do-app.20260712-192017.test.test_us-001" name="test_empty_and_whitespace_input_validation" time="0.002" /></testsuite></testsuites>